<?xml version="1.0" encoding="UTF-8"?>
<testng-results ignored="0" total="1" passed="1" failed="0" skipped="0">
  <reporter-output>
  </reporter-output>
  <suite started-at="2021-12-11T21:15:01 MEZ" name="buildMavenProject.TestMaven" finished-at="2021-12-11T21:15:02 MEZ" duration-ms="78">
    <groups>
    </groups>
    <test started-at="2021-12-11T21:15:01 MEZ" name="Command line test" finished-at="2021-12-11T21:15:02 MEZ" duration-ms="78">
      <class name="buildMavenProject.TestMaven">
        <test-method signature="testMaven()[pri:0, instance:buildMavenProject.TestMaven@2d8f65a4]" started-at="2021-12-11T21:15:02 MEZ" name="testMaven" finished-at="2021-12-11T21:15:02 MEZ" duration-ms="8" status="PASS">
          <reporter-output>
          </reporter-output>
        </test-method> <!-- testMaven -->
      </class> <!-- buildMavenProject.TestMaven -->
    </test> <!-- Command line test -->
  </suite> <!-- buildMavenProject.TestMaven -->
</testng-results>
